mode: atomic
github.com/gebv/go-lib/internal/errors/errors.go:10.45,14.2 3 0
github.com/gebv/go-lib/internal/errors/errors.go:16.93,21.2 4 0
github.com/gebv/go-lib/internal/errors/errors.go:30.42,33.21 2 0
github.com/gebv/go-lib/internal/errors/errors.go:36.2,36.14 1 0
github.com/gebv/go-lib/internal/errors/errors.go:33.21,35.3 1 0
github.com/gebv/go-lib/internal/errors/errors.go:39.48,40.22 1 0
github.com/gebv/go-lib/internal/errors/errors.go:40.22,44.22 3 0
github.com/gebv/go-lib/internal/errors/errors.go:44.22,46.4 1 0
github.com/gebv/go-lib/tls/verify/hex.go:5.34,6.31 1 0
github.com/gebv/go-lib/tls/verify/hex.go:9.2,9.28 1 0
github.com/gebv/go-lib/tls/verify/hex.go:6.31,8.3 1 0
github.com/gebv/go-lib/tls/verify/http.go:8.67,18.2 2 0
github.com/gebv/go-lib/tls/verify/options.go:12.56,13.50 1 0
github.com/gebv/go-lib/tls/verify/options.go:13.50,15.3 1 0
github.com/gebv/go-lib/tls/verify/options.go:18.50,19.50 1 0
github.com/gebv/go-lib/tls/verify/options.go:19.50,21.3 1 0
github.com/gebv/go-lib/tls/verify/options.go:24.66,25.50 1 0
github.com/gebv/go-lib/tls/verify/options.go:25.50,27.3 1 0
github.com/gebv/go-lib/tls/verify/options.go:30.58,31.50 1 0
github.com/gebv/go-lib/tls/verify/options.go:31.50,33.3 1 0
github.com/gebv/go-lib/tls/verify/options.go:36.58,37.24 1 0
github.com/gebv/go-lib/tls/verify/options.go:40.2,40.9 1 0
github.com/gebv/go-lib/tls/verify/options.go:37.24,39.3 1 0
github.com/gebv/go-lib/tls/verify/options.go:41.24,41.24 0 0
github.com/gebv/go-lib/tls/verify/options.go:42.10,42.10 0 0
github.com/gebv/go-lib/tls/verify/options.go:52.31,52.32 0 0
github.com/gebv/go-lib/tls/verify/options.go:58.30,58.31 0 0
github.com/gebv/go-lib/tls/verify/options.go:66.29,66.30 0 0
github.com/gebv/go-lib/tls/verify/verity.go:22.88,26.27 2 0
github.com/gebv/go-lib/tls/verify/verity.go:29.2,29.10 1 0
github.com/gebv/go-lib/tls/verify/verity.go:26.27,28.3 1 0
github.com/gebv/go-lib/tls/verify/verity.go:36.110,37.77 1 0
github.com/gebv/go-lib/tls/verify/verity.go:37.77,50.37 5 0
github.com/gebv/go-lib/tls/verify/verity.go:60.3,60.28 1 0
github.com/gebv/go-lib/tls/verify/verity.go:84.3,84.38 1 0
github.com/gebv/go-lib/tls/verify/verity.go:94.3,94.13 1 0
github.com/gebv/go-lib/tls/verify/verity.go:50.37,52.18 2 0
github.com/gebv/go-lib/tls/verify/verity.go:57.4,57.19 1 0
github.com/gebv/go-lib/tls/verify/verity.go:52.18,56.5 3 0
github.com/gebv/go-lib/tls/verify/verity.go:60.28,61.35 1 0
github.com/gebv/go-lib/tls/verify/verity.go:64.4,66.32 3 0
github.com/gebv/go-lib/tls/verify/verity.go:61.35,63.5 1 0
github.com/gebv/go-lib/tls/verify/verity.go:66.32,67.27 1 0
github.com/gebv/go-lib/tls/verify/verity.go:68.23,71.16 3 0
github.com/gebv/go-lib/tls/verify/verity.go:72.13,75.16 2 0
github.com/gebv/go-lib/tls/verify/verity.go:77.10,77.25 1 0
github.com/gebv/go-lib/tls/verify/verity.go:77.25,81.5 2 0
github.com/gebv/go-lib/tls/verify/verity.go:84.38,86.67 2 0
github.com/gebv/go-lib/tls/verify/verity.go:86.67,91.5 4 0
github.com/gebv/go-lib/tls/verify/verity.go:98.57,100.2 1 0
github.com/gebv/go-lib/tls/verify/verity.go:102.40,104.2 1 0
github.com/gebv/go-lib/tls/verify/verity.go:106.41,108.2 1 0
