mode: atomic
github.com/gebv/go-lib/internal/errors/errors.go:10.45,14.2 3 9
github.com/gebv/go-lib/internal/errors/errors.go:16.93,21.2 4 0
github.com/gebv/go-lib/internal/errors/errors.go:30.42,33.21 2 10
github.com/gebv/go-lib/internal/errors/errors.go:36.2,36.14 1 5
github.com/gebv/go-lib/internal/errors/errors.go:33.21,35.3 1 0
github.com/gebv/go-lib/internal/errors/errors.go:39.48,40.22 1 14
github.com/gebv/go-lib/internal/errors/errors.go:40.22,44.22 3 7
github.com/gebv/go-lib/internal/errors/errors.go:44.22,46.4 1 0
github.com/gebv/go-lib/tls/verify/hex.go:5.34,6.31 1 5
github.com/gebv/go-lib/tls/verify/hex.go:9.2,9.28 1 5
github.com/gebv/go-lib/tls/verify/hex.go:6.31,8.3 1 1
github.com/gebv/go-lib/tls/verify/http.go:8.70,18.2 2 0
github.com/gebv/go-lib/tls/verify/options.go:11.53,12.53 1 0
github.com/gebv/go-lib/tls/verify/options.go:12.53,14.3 1 0
github.com/gebv/go-lib/tls/verify/options.go:17.69,18.53 1 0
github.com/gebv/go-lib/tls/verify/options.go:18.53,20.3 1 0
github.com/gebv/go-lib/tls/verify/options.go:23.61,24.53 1 0
github.com/gebv/go-lib/tls/verify/options.go:24.53,26.3 1 0
github.com/gebv/go-lib/tls/verify/verity.go:19.97,24.27 2 0
github.com/gebv/go-lib/tls/verify/verity.go:27.2,27.10 1 0
github.com/gebv/go-lib/tls/verify/verity.go:24.27,26.3 1 0
github.com/gebv/go-lib/tls/verify/verity.go:30.148,36.27 3 0
github.com/gebv/go-lib/tls/verify/verity.go:39.2,39.15 1 0
github.com/gebv/go-lib/tls/verify/verity.go:36.27,38.3 1 0
github.com/gebv/go-lib/tls/verify/verity.go:50.49,51.22 1 0
github.com/gebv/go-lib/tls/verify/verity.go:54.2,54.25 1 0
github.com/gebv/go-lib/tls/verify/verity.go:51.22,53.3 1 0
github.com/gebv/go-lib/tls/verify/verity.go:57.113,58.77 1 0
github.com/gebv/go-lib/tls/verify/verity.go:58.77,70.37 4 0
github.com/gebv/go-lib/tls/verify/verity.go:80.3,80.28 1 0
github.com/gebv/go-lib/tls/verify/verity.go:104.3,104.38 1 0
github.com/gebv/go-lib/tls/verify/verity.go:118.3,118.13 1 0
github.com/gebv/go-lib/tls/verify/verity.go:70.37,72.18 2 0
github.com/gebv/go-lib/tls/verify/verity.go:77.4,77.19 1 0
github.com/gebv/go-lib/tls/verify/verity.go:72.18,76.5 3 0
github.com/gebv/go-lib/tls/verify/verity.go:80.28,81.35 1 0
github.com/gebv/go-lib/tls/verify/verity.go:84.4,86.32 3 0
github.com/gebv/go-lib/tls/verify/verity.go:81.35,83.5 1 0
github.com/gebv/go-lib/tls/verify/verity.go:86.32,87.27 1 0
github.com/gebv/go-lib/tls/verify/verity.go:88.23,91.16 3 0
github.com/gebv/go-lib/tls/verify/verity.go:92.13,95.16 2 0
github.com/gebv/go-lib/tls/verify/verity.go:97.10,97.25 1 0
github.com/gebv/go-lib/tls/verify/verity.go:97.25,101.5 2 0
github.com/gebv/go-lib/tls/verify/verity.go:104.38,106.18 2 0
github.com/gebv/go-lib/tls/verify/verity.go:111.4,111.70 1 0
github.com/gebv/go-lib/tls/verify/verity.go:106.18,110.5 3 0
github.com/gebv/go-lib/tls/verify/verity.go:111.70,115.5 3 0
github.com/gebv/go-lib/tls/verify/verity.go:122.60,123.22 1 0
github.com/gebv/go-lib/tls/verify/verity.go:123.22,125.3 1 0
github.com/gebv/go-lib/tls/verify/verity.go:128.50,129.22 1 0
github.com/gebv/go-lib/tls/verify/verity.go:129.22,131.3 1 0
